<?xml version="1.0" encoding="UTF-8"?>
<testsuite xmlns:xsi="http://www.w3.org/2001/XMLSchema-instance" xsi:noNamespaceSchemaLocation="https://maven.apache.org/surefire/maven-surefire-plugin/xsd/surefire-test-report.xsd" name="com.everon.carchargingsession.service.CarChargingServiceTest" time="0.006" tests="1" errors="0" skipped="0" failures="0">
  <properties>
    <property name="java.specification.version" value="14"/>
    <property name="sun.cpu.isalist" value="amd64"/>
    <property name="sun.jnu.encoding" value="Cp1252"/>
    <property name="java.class.path" value="D:\work\car-charging-session.git\car-charging-session\target\test-classes;D:\work\car-charging-session.git\car-charging-session\target\classes;D:\work\maven_repo\org\springframework\boot\spring-boot-starter-actuator\2.3.1.RELEASE\spring-boot-starter-actuator-2.3.1.RELEASE.jar;D:\work\maven_repo\org\springframework\boot\spring-boot-starter\2.3.1.RELEASE\spring-boot-starter-2.3.1.RELEASE.jar;D:\work\maven_repo\org\springframework\boot\spring-boot\2.3.1.RELEASE\spring-boot-2.3.1.RELEASE.jar;D:\work\maven_repo\org\springframework\boot\spring-boot-autoconfigure\2.3.1.RELEASE\spring-boot-autoconfigure-2.3.1.RELEASE.jar;D:\work\maven_repo\org\springframework\boot\spring-boot-starter-logging\2.3.1.RELEASE\spring-boot-starter-logging-2.3.1.RELEASE.jar;D:\work\maven_repo\ch\qos\logback\logback-classic\1.2.3\logback-classic-1.2.3.jar;D:\work\maven_repo\ch\qos\logback\logback-core\1.2.3\logback-core-1.2.3.jar;D:\work\maven_repo\org\apache\logging\log4j\log4j-to-slf4j\2.13.3\log4j-to-slf4j-2.13.3.jar;D:\work\maven_repo\org\apache\logging\log4j\log4j-api\2.13.3\log4j-api-2.13.3.jar;D:\work\maven_repo\org\slf4j\jul-to-slf4j\1.7.30\jul-to-slf4j-1.7.30.jar;D:\work\maven_repo\jakarta\annotation\jakarta.annotation-api\1.3.5\jakarta.annotation-api-1.3.5.jar;D:\work\maven_repo\org\yaml\snakeyaml\1.26\snakeyaml-1.26.jar;D:\work\maven_repo\org\springframework\boot\spring-boot-actuator-autoconfigure\2.3.1.RELEASE\spring-boot-actuator-autoconfigure-2.3.1.RELEASE.jar;D:\work\maven_repo\org\springframework\boot\spring-boot-actuator\2.3.1.RELEASE\spring-boot-actuator-2.3.1.RELEASE.jar;D:\work\maven_repo\com\fasterxml\jackson\core\jackson-databind\2.11.0\jackson-databind-2.11.0.jar;D:\work\maven_repo\com\fasterxml\jackson\core\jackson-core\2.11.0\jackson-core-2.11.0.jar;D:\work\maven_repo\com\fasterxml\jackson\datatype\jackson-datatype-jsr310\2.11.0\jackson-datatype-jsr310-2.11.0.jar;D:\work\maven_repo\io\micrometer\micrometer-core\1.5.1\micrometer-core-1.5.1.jar;D:\work\maven_repo\org\hdrhistogram\HdrHistogram\2.1.12\HdrHistogram-2.1.12.jar;D:\work\maven_repo\org\latencyutils\LatencyUtils\2.0.3\LatencyUtils-2.0.3.jar;D:\work\maven_repo\org\springframework\boot\spring-boot-starter-data-mongodb\2.3.1.RELEASE\spring-boot-starter-data-mongodb-2.3.1.RELEASE.jar;D:\work\maven_repo\org\mongodb\mongodb-driver-sync\4.0.4\mongodb-driver-sync-4.0.4.jar;D:\work\maven_repo\org\mongodb\bson\4.0.4\bson-4.0.4.jar;D:\work\maven_repo\org\mongodb\mongodb-driver-core\4.0.4\mongodb-driver-core-4.0.4.jar;D:\work\maven_repo\org\springframework\data\spring-data-mongodb\3.0.1.RELEASE\spring-data-mongodb-3.0.1.RELEASE.jar;D:\work\maven_repo\org\springframework\spring-tx\5.2.7.RELEASE\spring-tx-5.2.7.RELEASE.jar;D:\work\maven_repo\org\springframework\spring-context\5.2.7.RELEASE\spring-context-5.2.7.RELEASE.jar;D:\work\maven_repo\org\springframework\spring-beans\5.2.7.RELEASE\spring-beans-5.2.7.RELEASE.jar;D:\work\maven_repo\org\springframework\spring-expression\5.2.7.RELEASE\spring-expression-5.2.7.RELEASE.jar;D:\work\maven_repo\org\springframework\data\spring-data-commons\2.3.1.RELEASE\spring-data-commons-2.3.1.RELEASE.jar;D:\work\maven_repo\org\springframework\boot\spring-boot-starter-web\2.3.1.RELEASE\spring-boot-starter-web-2.3.1.RELEASE.jar;D:\work\maven_repo\org\springframework\boot\spring-boot-starter-json\2.3.1.RELEASE\spring-boot-starter-json-2.3.1.RELEASE.jar;D:\work\maven_repo\com\fasterxml\jackson\datatype\jackson-datatype-jdk8\2.11.0\jackson-datatype-jdk8-2.11.0.jar;D:\work\maven_repo\com\fasterxml\jackson\module\jackson-module-parameter-names\2.11.0\jackson-module-parameter-names-2.11.0.jar;D:\work\maven_repo\org\springframework\boot\spring-boot-starter-tomcat\2.3.1.RELEASE\spring-boot-starter-tomcat-2.3.1.RELEASE.jar;D:\work\maven_repo\org\apache\tomcat\embed\tomcat-embed-core\9.0.36\tomcat-embed-core-9.0.36.jar;D:\work\maven_repo\org\glassfish\jakarta.el\3.0.3\jakarta.el-3.0.3.jar;D:\work\maven_repo\org\apache\tomcat\embed\tomcat-embed-websocket\9.0.36\tomcat-embed-websocket-9.0.36.jar;D:\work\maven_repo\org\springframework\spring-web\5.2.7.RELEASE\spring-web-5.2.7.RELEASE.jar;D:\work\maven_repo\org\springframework\spring-webmvc\5.2.7.RELEASE\spring-webmvc-5.2.7.RELEASE.jar;D:\work\maven_repo\org\springframework\spring-aop\5.2.7.RELEASE\spring-aop-5.2.7.RELEASE.jar;D:\work\maven_repo\org\projectlombok\lombok\1.18.12\lombok-1.18.12.jar;D:\work\maven_repo\org\springframework\boot\spring-boot-starter-test\2.3.1.RELEASE\spring-boot-starter-test-2.3.1.RELEASE.jar;D:\work\maven_repo\org\springframework\boot\spring-boot-test\2.3.1.RELEASE\spring-boot-test-2.3.1.RELEASE.jar;D:\work\maven_repo\org\springframework\boot\spring-boot-test-autoconfigure\2.3.1.RELEASE\spring-boot-test-autoconfigure-2.3.1.RELEASE.jar;D:\work\maven_repo\com\jayway\jsonpath\json-path\2.4.0\json-path-2.4.0.jar;D:\work\maven_repo\net\minidev\json-smart\2.3\json-smart-2.3.jar;D:\work\maven_repo\net\minidev\accessors-smart\1.2\accessors-smart-1.2.jar;D:\work\maven_repo\org\ow2\asm\asm\5.0.4\asm-5.0.4.jar;D:\work\maven_repo\jakarta\xml\bind\jakarta.xml.bind-api\2.3.3\jakarta.xml.bind-api-2.3.3.jar;D:\work\maven_repo\jakarta\activation\jakarta.activation-api\1.2.2\jakarta.activation-api-1.2.2.jar;D:\work\maven_repo\org\assertj\assertj-core\3.16.1\assertj-core-3.16.1.jar;D:\work\maven_repo\org\hamcrest\hamcrest\2.2\hamcrest-2.2.jar;D:\work\maven_repo\org\junit\jupiter\junit-jupiter\5.6.2\junit-jupiter-5.6.2.jar;D:\work\maven_repo\org\junit\jupiter\junit-jupiter-api\5.6.2\junit-jupiter-api-5.6.2.jar;D:\work\maven_repo\org\apiguardian\apiguardian-api\1.1.0\apiguardian-api-1.1.0.jar;D:\work\maven_repo\org\opentest4j\opentest4j\1.2.0\opentest4j-1.2.0.jar;D:\work\maven_repo\org\junit\platform\junit-platform-commons\1.6.2\junit-platform-commons-1.6.2.jar;D:\work\maven_repo\org\junit\jupiter\junit-jupiter-params\5.6.2\junit-jupiter-params-5.6.2.jar;D:\work\maven_repo\org\junit\jupiter\junit-jupiter-engine\5.6.2\junit-jupiter-engine-5.6.2.jar;D:\work\maven_repo\org\junit\platform\junit-platform-engine\1.6.2\junit-platform-engine-1.6.2.jar;D:\work\maven_repo\org\mockito\mockito-core\3.3.3\mockito-core-3.3.3.jar;D:\work\maven_repo\net\bytebuddy\byte-buddy\1.10.11\byte-buddy-1.10.11.jar;D:\work\maven_repo\net\bytebuddy\byte-buddy-agent\1.10.11\byte-buddy-agent-1.10.11.jar;D:\work\maven_repo\org\objenesis\objenesis\2.6\objenesis-2.6.jar;D:\work\maven_repo\org\mockito\mockito-junit-jupiter\3.3.3\mockito-junit-jupiter-3.3.3.jar;D:\work\maven_repo\org\skyscreamer\jsonassert\1.5.0\jsonassert-1.5.0.jar;D:\work\maven_repo\com\vaadin\external\google\android-json\0.0.20131108.vaadin1\android-json-0.0.20131108.vaadin1.jar;D:\work\maven_repo\org\springframework\spring-core\5.2.7.RELEASE\spring-core-5.2.7.RELEASE.jar;D:\work\maven_repo\org\springframework\spring-jcl\5.2.7.RELEASE\spring-jcl-5.2.7.RELEASE.jar;D:\work\maven_repo\org\springframework\spring-test\5.2.7.RELEASE\spring-test-5.2.7.RELEASE.jar;D:\work\maven_repo\org\xmlunit\xmlunit-core\2.7.0\xmlunit-core-2.7.0.jar;D:\work\maven_repo\io\springfox\springfox-swagger2\2.9.2\springfox-swagger2-2.9.2.jar;D:\work\maven_repo\io\swagger\swagger-annotations\1.5.20\swagger-annotations-1.5.20.jar;D:\work\maven_repo\io\swagger\swagger-models\1.5.20\swagger-models-1.5.20.jar;D:\work\maven_repo\com\fasterxml\jackson\core\jackson-annotations\2.11.0\jackson-annotations-2.11.0.jar;D:\work\maven_repo\io\springfox\springfox-spi\2.9.2\springfox-spi-2.9.2.jar;D:\work\maven_repo\io\springfox\springfox-core\2.9.2\springfox-core-2.9.2.jar;D:\work\maven_repo\io\springfox\springfox-schema\2.9.2\springfox-schema-2.9.2.jar;D:\work\maven_repo\io\springfox\springfox-swagger-common\2.9.2\springfox-swagger-common-2.9.2.jar;D:\work\maven_repo\io\springfox\springfox-spring-web\2.9.2\springfox-spring-web-2.9.2.jar;D:\work\maven_repo\com\google\guava\guava\20.0\guava-20.0.jar;D:\work\maven_repo\com\fasterxml\classmate\1.5.1\classmate-1.5.1.jar;D:\work\maven_repo\org\slf4j\slf4j-api\1.7.30\slf4j-api-1.7.30.jar;D:\work\maven_repo\org\springframework\plugin\spring-plugin-core\1.2.0.RELEASE\spring-plugin-core-1.2.0.RELEASE.jar;D:\work\maven_repo\org\springframework\plugin\spring-plugin-metadata\1.2.0.RELEASE\spring-plugin-metadata-1.2.0.RELEASE.jar;D:\work\maven_repo\org\mapstruct\mapstruct\1.2.0.Final\mapstruct-1.2.0.Final.jar;D:\work\maven_repo\io\micrometer\micrometer-registry-prometheus\1.5.1\micrometer-registry-prometheus-1.5.1.jar;D:\work\maven_repo\io\prometheus\simpleclient_common\0.8.1\simpleclient_common-0.8.1.jar;D:\work\maven_repo\io\prometheus\simpleclient\0.8.1\simpleclient-0.8.1.jar;D:\work\maven_repo\io\springfox\springfox-swagger-ui\2.9.2\springfox-swagger-ui-2.9.2.jar;"/>
    <property name="java.vm.vendor" value="Oracle Corporation"/>
    <property name="sun.arch.data.model" value="64"/>
    <property name="user.variant" value=""/>
    <property name="java.vendor.url" value="https://java.oracle.com/"/>
    <property name="user.timezone" value="Europe/Amsterdam"/>
    <property name="user.country.format" value="NL"/>
    <property name="os.name" value="Windows 10"/>
    <property name="java.vm.specification.version" value="14"/>
    <property name="sun.java.launcher" value="SUN_STANDARD"/>
    <property name="user.country" value="US"/>
    <property name="sun.boot.library.path" value="C:\Program Files\Java\jdk-14.0.1\bin"/>
    <property name="sun.java.command" value="C:\Users\padma\AppData\Local\Temp\surefire2927457846458549593\surefirebooter18378166678825371357.jar C:\Users\padma\AppData\Local\Temp\surefire2927457846458549593 2020-06-29T11-47-49_041-jvmRun1 surefire16806265389460241572tmp surefire_08043004590341226227tmp"/>
    <property name="jdk.debug" value="release"/>
    <property name="surefire.test.class.path" value="D:\work\car-charging-session.git\car-charging-session\target\test-classes;D:\work\car-charging-session.git\car-charging-session\target\classes;D:\work\maven_repo\org\springframework\boot\spring-boot-starter-actuator\2.3.1.RELEASE\spring-boot-starter-actuator-2.3.1.RELEASE.jar;D:\work\maven_repo\org\springframework\boot\spring-boot-starter\2.3.1.RELEASE\spring-boot-starter-2.3.1.RELEASE.jar;D:\work\maven_repo\org\springframework\boot\spring-boot\2.3.1.RELEASE\spring-boot-2.3.1.RELEASE.jar;D:\work\maven_repo\org\springframework\boot\spring-boot-autoconfigure\2.3.1.RELEASE\spring-boot-autoconfigure-2.3.1.RELEASE.jar;D:\work\maven_repo\org\springframework\boot\spring-boot-starter-logging\2.3.1.RELEASE\spring-boot-starter-logging-2.3.1.RELEASE.jar;D:\work\maven_repo\ch\qos\logback\logback-classic\1.2.3\logback-classic-1.2.3.jar;D:\work\maven_repo\ch\qos\logback\logback-core\1.2.3\logback-core-1.2.3.jar;D:\work\maven_repo\org\apache\logging\log4j\log4j-to-slf4j\2.13.3\log4j-to-slf4j-2.13.3.jar;D:\work\maven_repo\org\apache\logging\log4j\log4j-api\2.13.3\log4j-api-2.13.3.jar;D:\work\maven_repo\org\slf4j\jul-to-slf4j\1.7.30\jul-to-slf4j-1.7.30.jar;D:\work\maven_repo\jakarta\annotation\jakarta.annotation-api\1.3.5\jakarta.annotation-api-1.3.5.jar;D:\work\maven_repo\org\yaml\snakeyaml\1.26\snakeyaml-1.26.jar;D:\work\maven_repo\org\springframework\boot\spring-boot-actuator-autoconfigure\2.3.1.RELEASE\spring-boot-actuator-autoconfigure-2.3.1.RELEASE.jar;D:\work\maven_repo\org\springframework\boot\spring-boot-actuator\2.3.1.RELEASE\spring-boot-actuator-2.3.1.RELEASE.jar;D:\work\maven_repo\com\fasterxml\jackson\core\jackson-databind\2.11.0\jackson-databind-2.11.0.jar;D:\work\maven_repo\com\fasterxml\jackson\core\jackson-core\2.11.0\jackson-core-2.11.0.jar;D:\work\maven_repo\com\fasterxml\jackson\datatype\jackson-datatype-jsr310\2.11.0\jackson-datatype-jsr310-2.11.0.jar;D:\work\maven_repo\io\micrometer\micrometer-core\1.5.1\micrometer-core-1.5.1.jar;D:\work\maven_repo\org\hdrhistogram\HdrHistogram\2.1.12\HdrHistogram-2.1.12.jar;D:\work\maven_repo\org\latencyutils\LatencyUtils\2.0.3\LatencyUtils-2.0.3.jar;D:\work\maven_repo\org\springframework\boot\spring-boot-starter-data-mongodb\2.3.1.RELEASE\spring-boot-starter-data-mongodb-2.3.1.RELEASE.jar;D:\work\maven_repo\org\mongodb\mongodb-driver-sync\4.0.4\mongodb-driver-sync-4.0.4.jar;D:\work\maven_repo\org\mongodb\bson\4.0.4\bson-4.0.4.jar;D:\work\maven_repo\org\mongodb\mongodb-driver-core\4.0.4\mongodb-driver-core-4.0.4.jar;D:\work\maven_repo\org\springframework\data\spring-data-mongodb\3.0.1.RELEASE\spring-data-mongodb-3.0.1.RELEASE.jar;D:\work\maven_repo\org\springframework\spring-tx\5.2.7.RELEASE\spring-tx-5.2.7.RELEASE.jar;D:\work\maven_repo\org\springframework\spring-context\5.2.7.RELEASE\spring-context-5.2.7.RELEASE.jar;D:\work\maven_repo\org\springframework\spring-beans\5.2.7.RELEASE\spring-beans-5.2.7.RELEASE.jar;D:\work\maven_repo\org\springframework\spring-expression\5.2.7.RELEASE\spring-expression-5.2.7.RELEASE.jar;D:\work\maven_repo\org\springframework\data\spring-data-commons\2.3.1.RELEASE\spring-data-commons-2.3.1.RELEASE.jar;D:\work\maven_repo\org\springframework\boot\spring-boot-starter-web\2.3.1.RELEASE\spring-boot-starter-web-2.3.1.RELEASE.jar;D:\work\maven_repo\org\springframework\boot\spring-boot-starter-json\2.3.1.RELEASE\spring-boot-starter-json-2.3.1.RELEASE.jar;D:\work\maven_repo\com\fasterxml\jackson\datatype\jackson-datatype-jdk8\2.11.0\jackson-datatype-jdk8-2.11.0.jar;D:\work\maven_repo\com\fasterxml\jackson\module\jackson-module-parameter-names\2.11.0\jackson-module-parameter-names-2.11.0.jar;D:\work\maven_repo\org\springframework\boot\spring-boot-starter-tomcat\2.3.1.RELEASE\spring-boot-starter-tomcat-2.3.1.RELEASE.jar;D:\work\maven_repo\org\apache\tomcat\embed\tomcat-embed-core\9.0.36\tomcat-embed-core-9.0.36.jar;D:\work\maven_repo\org\glassfish\jakarta.el\3.0.3\jakarta.el-3.0.3.jar;D:\work\maven_repo\org\apache\tomcat\embed\tomcat-embed-websocket\9.0.36\tomcat-embed-websocket-9.0.36.jar;D:\work\maven_repo\org\springframework\spring-web\5.2.7.RELEASE\spring-web-5.2.7.RELEASE.jar;D:\work\maven_repo\org\springframework\spring-webmvc\5.2.7.RELEASE\spring-webmvc-5.2.7.RELEASE.jar;D:\work\maven_repo\org\springframework\spring-aop\5.2.7.RELEASE\spring-aop-5.2.7.RELEASE.jar;D:\work\maven_repo\org\projectlombok\lombok\1.18.12\lombok-1.18.12.jar;D:\work\maven_repo\org\springframework\boot\spring-boot-starter-test\2.3.1.RELEASE\spring-boot-starter-test-2.3.1.RELEASE.jar;D:\work\maven_repo\org\springframework\boot\spring-boot-test\2.3.1.RELEASE\spring-boot-test-2.3.1.RELEASE.jar;D:\work\maven_repo\org\springframework\boot\spring-boot-test-autoconfigure\2.3.1.RELEASE\spring-boot-test-autoconfigure-2.3.1.RELEASE.jar;D:\work\maven_repo\com\jayway\jsonpath\json-path\2.4.0\json-path-2.4.0.jar;D:\work\maven_repo\net\minidev\json-smart\2.3\json-smart-2.3.jar;D:\work\maven_repo\net\minidev\accessors-smart\1.2\accessors-smart-1.2.jar;D:\work\maven_repo\org\ow2\asm\asm\5.0.4\asm-5.0.4.jar;D:\work\maven_repo\jakarta\xml\bind\jakarta.xml.bind-api\2.3.3\jakarta.xml.bind-api-2.3.3.jar;D:\work\maven_repo\jakarta\activation\jakarta.activation-api\1.2.2\jakarta.activation-api-1.2.2.jar;D:\work\maven_repo\org\assertj\assertj-core\3.16.1\assertj-core-3.16.1.jar;D:\work\maven_repo\org\hamcrest\hamcrest\2.2\hamcrest-2.2.jar;D:\work\maven_repo\org\junit\jupiter\junit-jupiter\5.6.2\junit-jupiter-5.6.2.jar;D:\work\maven_repo\org\junit\jupiter\junit-jupiter-api\5.6.2\junit-jupiter-api-5.6.2.jar;D:\work\maven_repo\org\apiguardian\apiguardian-api\1.1.0\apiguardian-api-1.1.0.jar;D:\work\maven_repo\org\opentest4j\opentest4j\1.2.0\opentest4j-1.2.0.jar;D:\work\maven_repo\org\junit\platform\junit-platform-commons\1.6.2\junit-platform-commons-1.6.2.jar;D:\work\maven_repo\org\junit\jupiter\junit-jupiter-params\5.6.2\junit-jupiter-params-5.6.2.jar;D:\work\maven_repo\org\junit\jupiter\junit-jupiter-engine\5.6.2\junit-jupiter-engine-5.6.2.jar;D:\work\maven_repo\org\junit\platform\junit-platform-engine\1.6.2\junit-platform-engine-1.6.2.jar;D:\work\maven_repo\org\mockito\mockito-core\3.3.3\mockito-core-3.3.3.jar;D:\work\maven_repo\net\bytebuddy\byte-buddy\1.10.11\byte-buddy-1.10.11.jar;D:\work\maven_repo\net\bytebuddy\byte-buddy-agent\1.10.11\byte-buddy-agent-1.10.11.jar;D:\work\maven_repo\org\objenesis\objenesis\2.6\objenesis-2.6.jar;D:\work\maven_repo\org\mockito\mockito-junit-jupiter\3.3.3\mockito-junit-jupiter-3.3.3.jar;D:\work\maven_repo\org\skyscreamer\jsonassert\1.5.0\jsonassert-1.5.0.jar;D:\work\maven_repo\com\vaadin\external\google\android-json\0.0.20131108.vaadin1\android-json-0.0.20131108.vaadin1.jar;D:\work\maven_repo\org\springframework\spring-core\5.2.7.RELEASE\spring-core-5.2.7.RELEASE.jar;D:\work\maven_repo\org\springframework\spring-jcl\5.2.7.RELEASE\spring-jcl-5.2.7.RELEASE.jar;D:\work\maven_repo\org\springframework\spring-test\5.2.7.RELEASE\spring-test-5.2.7.RELEASE.jar;D:\work\maven_repo\org\xmlunit\xmlunit-core\2.7.0\xmlunit-core-2.7.0.jar;D:\work\maven_repo\io\springfox\springfox-swagger2\2.9.2\springfox-swagger2-2.9.2.jar;D:\work\maven_repo\io\swagger\swagger-annotations\1.5.20\swagger-annotations-1.5.20.jar;D:\work\maven_repo\io\swagger\swagger-models\1.5.20\swagger-models-1.5.20.jar;D:\work\maven_repo\com\fasterxml\jackson\core\jackson-annotations\2.11.0\jackson-annotations-2.11.0.jar;D:\work\maven_repo\io\springfox\springfox-spi\2.9.2\springfox-spi-2.9.2.jar;D:\work\maven_repo\io\springfox\springfox-core\2.9.2\springfox-core-2.9.2.jar;D:\work\maven_repo\io\springfox\springfox-schema\2.9.2\springfox-schema-2.9.2.jar;D:\work\maven_repo\io\springfox\springfox-swagger-common\2.9.2\springfox-swagger-common-2.9.2.jar;D:\work\maven_repo\io\springfox\springfox-spring-web\2.9.2\springfox-spring-web-2.9.2.jar;D:\work\maven_repo\com\google\guava\guava\20.0\guava-20.0.jar;D:\work\maven_repo\com\fasterxml\classmate\1.5.1\classmate-1.5.1.jar;D:\work\maven_repo\org\slf4j\slf4j-api\1.7.30\slf4j-api-1.7.30.jar;D:\work\maven_repo\org\springframework\plugin\spring-plugin-core\1.2.0.RELEASE\spring-plugin-core-1.2.0.RELEASE.jar;D:\work\maven_repo\org\springframework\plugin\spring-plugin-metadata\1.2.0.RELEASE\spring-plugin-metadata-1.2.0.RELEASE.jar;D:\work\maven_repo\org\mapstruct\mapstruct\1.2.0.Final\mapstruct-1.2.0.Final.jar;D:\work\maven_repo\io\micrometer\micrometer-registry-prometheus\1.5.1\micrometer-registry-prometheus-1.5.1.jar;D:\work\maven_repo\io\prometheus\simpleclient_common\0.8.1\simpleclient_common-0.8.1.jar;D:\work\maven_repo\io\prometheus\simpleclient\0.8.1\simpleclient-0.8.1.jar;D:\work\maven_repo\io\springfox\springfox-swagger-ui\2.9.2\springfox-swagger-ui-2.9.2.jar;"/>
    <property name="sun.cpu.endian" value="little"/>
    <property name="user.home" value="C:\Users\padma"/>
    <property name="user.language" value="en"/>
    <property name="java.specification.vendor" value="Oracle Corporation"/>
    <property name="java.version.date" value="2020-04-14"/>
    <property name="java.home" value="C:\Program Files\Java\jdk-14.0.1"/>
    <property name="file.separator" value="\"/>
    <property name="basedir" value="D:\work\car-charging-session.git\car-charging-session"/>
    <property name="java.vm.compressedOopsMode" value="Zero based"/>
    <property name="line.separator" value="&#10;"/>
    <property name="java.vm.specification.vendor" value="Oracle Corporation"/>
    <property name="java.specification.name" value="Java Platform API Specification"/>
    <property name="surefire.real.class.path" value="C:\Users\padma\AppData\Local\Temp\surefire2927457846458549593\surefirebooter18378166678825371357.jar"/>
    <property name="user.script" value=""/>
    <property name="sun.management.compiler" value="HotSpot 64-Bit Tiered Compilers"/>
    <property name="java.runtime.version" value="14.0.1+7"/>
    <property name="user.name" value="padma"/>
    <property name="path.separator" value=";"/>
    <property name="os.version" value="10.0"/>
    <property name="java.runtime.name" value="OpenJDK Runtime Environment"/>
    <property name="file.encoding" value="UTF-8"/>
    <property name="java.vm.name" value="OpenJDK 64-Bit Server VM"/>
    <property name="localRepository" value="D:\work\maven_repo"/>
    <property name="java.vendor.url.bug" value="https://bugreport.java.com/bugreport/"/>
    <property name="java.io.tmpdir" value="C:\Users\padma\AppData\Local\Temp\"/>
    <property name="java.version" value="14.0.1"/>
    <property name="user.dir" value="D:\work\car-charging-session.git\car-charging-session"/>
    <property name="os.arch" value="amd64"/>
    <property name="java.vm.specification.name" value="Java Virtual Machine Specification"/>
    <property name="sun.os.patch.level" value=""/>
    <property name="java.library.path" value="C:\Program Files\Java\jdk-14.0.1\bin;C:\WINDOWS\Sun\Java\bin;C:\WINDOWS\system32;C:\WINDOWS;C:\Program Files (x86)\Common Files\Oracle\Java\javapath;C:\WINDOWS\system32;C:\WINDOWS;C:\WINDOWS\System32\Wbem;C:\Program Files\Java\jdk-14.0.1\bin;C:\WINDOWS\System32\WindowsPowerShell\v1.0\;C:\WINDOWS\System32\OpenSSH\;D:\softwares\apache-maven-3.6.3\bin;C:\Program Files\Git\cmd;C:\Program Files\nodejs\;C:\Program Files\Microsoft SQL Server\130\Tools\Binn\;C:\Program Files\Microsoft VS Code\bin;C:\ProgramData\chocolatey\bin;D:\softwares\helm;;C:\Program Files\Docker\Docker\resources\bin;C:\ProgramData\DockerDesktop\version-bin;C:\Program Files\Java\jdk-14.0.1\bin;C:\Users\padma\AppData\Roaming\npm;C:\Users\padma\AppData\Local\hyper\app-3.0.2\resources\bin;C:\Users\padma\AppData\Local\Microsoft\WindowsApps;;."/>
    <property name="java.vm.info" value="mixed mode, sharing"/>
    <property name="java.vendor" value="Oracle Corporation"/>
    <property name="java.vm.version" value="14.0.1+7"/>
    <property name="sun.io.unicode.encoding" value="UnicodeLittle"/>
    <property name="java.class.version" value="58.0"/>
  </properties>
  <testcase name="testSubmitNewChargingSession" classname="com.everon.carchargingsession.service.CarChargingServiceTest" time="0.002"/>
</testsuite>